<!DOCTYPE html PUBLIC "-//W3C//DTD XHTML 1.1//EN" "http://www.w3.org/TR/xhtml11/DTD/xhtml11.dtd">
<html xmlns="http://www.w3.org/1999/xhtml">
<head>
<meta http-equiv="content-type" content="text/html; charset=UTF-8"/>
<title>TestNG Report</title>
<style type="text/css">table {margin-bottom:10px;border-collapse:collapse;empty-cells:show}th,td {border:1px solid #009;padding:.25em .5em}th {vertical-align:bottom}td {vertical-align:top}table a {font-weight:bold}.stripe td {background-color: #E6EBF9}.num {text-align:right}.passedodd td {background-color: #3F3}.passedeven td {background-color: #0A0}.skippedodd td {background-color: #DDD}.skippedeven td {background-color: #CCC}.failedodd td,.attn {background-color: #F33}.failedeven td,.stripe .attn {background-color: #D00}.stacktrace {white-space:pre;font-family:monospace}.totop {font-size:85%;text-align:center;border-bottom:2px solid #000}.invisible {display:none}</style>
</head>
<body>
<table>
<tr><th>Test</th><th># Passed</th><th># Skipped</th><th># Failed</th><th>Time (ms)</th><th>Included Groups</th><th>Excluded Groups</th></tr>
<tr><th colspan="7">RWS Automation Suite</th></tr>
<tr><td><a href="#t0">Regression-2</a></td><td class="num">0</td><td class="num attn">1</td><td class="num">0</td><td class="num">2,207</td><td></td><td></td></tr>
<tr class="stripe"><td><a href="#t1">Regression-1</a></td><td class="num">0</td><td class="num attn">1</td><td class="num">0</td><td class="num">2,676</td><td></td><td></td></tr>
<tr><th>Total</th><th class="num">0</th><th class="num attn">2</th><th class="num">0</th><th class="num">4,883</th><th colspan="2"></th></tr>
</table>
<table id='summary'><thead><tr><th>Class</th><th>Method</th><th>Start</th><th>Time (ms)</th></tr></thead><tbody><tr><th colspan="4">RWS Automation Suite</th></tr></tbody><tbody id="t0"><tr><th colspan="4">Regression-2 &#8212; failed (configuration methods)</th></tr><tr class="failedeven"><td rowspan="1">suite.test.LoginTest</td><td><a href="#m0">setDriver</a></td><td rowspan="1">1596611897610</td><td rowspan="1">2113</td></tr><tr><th colspan="4">Regression-2 &#8212; skipped (configuration methods)</th></tr><tr class="skippedeven"><td rowspan="1">suite.test.LoginTest</td><td><a href="#m1">tearDown</a></td><td rowspan="1">1596611899734</td><td rowspan="1">0</td></tr><tr><th colspan="4">Regression-2 &#8212; skipped</th></tr><tr class="skippedeven"><td rowspan="1">suite.test.LoginTest</td><td><a href="#m2">dt_1</a></td><td rowspan="1">1596611899734</td><td rowspan="1">0</td></tr></tbody>
<tbody id="t1"><tr><th colspan="4">Regression-1 &#8212; failed (configuration methods)</th></tr><tr class="failedeven"><td rowspan="1">suite.test.LoginTest</td><td><a href="#m3">setDriver</a></td><td rowspan="1">1596611897610</td><td rowspan="1">2589</td></tr><tr><th colspan="4">Regression-1 &#8212; skipped (configuration methods)</th></tr><tr class="skippedeven"><td rowspan="1">suite.test.LoginTest</td><td><a href="#m4">tearDown</a></td><td rowspan="1">1596611900203</td><td rowspan="1">0</td></tr><tr><th colspan="4">Regression-1 &#8212; skipped</th></tr><tr class="skippedeven"><td rowspan="1">suite.test.LoginTest</td><td><a href="#m5">dt_1</a></td><td rowspan="1">1596611900202</td><td rowspan="1">0</td></tr></tbody>
</table>
<h2>Regression-2</h2><h3 id="m0">suite.test.LoginTest#setDriver</h3><table class="result"><tr class="param"><th>Parameter #1</th></tr><tr class="param stripe"><td>chrome-ng</td></tr><tr><th>Exception</th></tr><tr><td><div class="stacktrace">org.openqa.selenium.remote.UnreachableBrowserException: Could not start a new session. Possible causes are invalid address of the remote server or browser start-up failure.
Build info: version: &apos;3.141.59&apos;, revision: &apos;e82be7d358&apos;, time: &apos;2018-11-14T08:17:03&apos;
System info: host: &apos;LAPTOP-027GD316&apos;, ip: &apos;192.168.1.4&apos;, os.name: &apos;Windows 10&apos;, os.arch: &apos;amd64&apos;, os.version: &apos;10.0&apos;, java.version: &apos;1.8.0_181&apos;
Driver info: driver.version: ChromeDriver
	at org.openqa.selenium.remote.RemoteWebDriver.execute(RemoteWebDriver.java:573)
	at org.openqa.selenium.remote.RemoteWebDriver.startSession(RemoteWebDriver.java:213)
	at org.openqa.selenium.remote.RemoteWebDriver.&lt;init&gt;(RemoteWebDriver.java:131)
	at org.openqa.selenium.chrome.ChromeDriver.&lt;init&gt;(ChromeDriver.java:181)
	at org.openqa.selenium.chrome.ChromeDriver.&lt;init&gt;(ChromeDriver.java:168)
	at org.openqa.selenium.chrome.ChromeDriver.&lt;init&gt;(ChromeDriver.java:157)
	at suite.init.BrowserFactory.setBrowser(BrowserFactory.java:45)
	at suite.init.SessionInit.initiateBrowserSession(SessionInit.java:36)
	at suite.base.TestBase.setDriver(TestBase.java:46)
	at java.util.concurrent.FutureTask.run(FutureTask.java:266)
	at java.util.concurrent.ThreadPoolExecutor.runWorker(ThreadPoolExecutor.java:1149)
	at java.util.concurrent.ThreadPoolExecutor$Worker.run(ThreadPoolExecutor.java:624)
	at java.lang.Thread.run(Thread.java:748)
Caused by: java.lang.NullPointerException: at index 1
	at com.google.common.collect.ObjectArrays.checkElementNotNull(ObjectArrays.java:225)
	at com.google.common.collect.ObjectArrays.checkElementsNotNull(ObjectArrays.java:215)
	at com.google.common.collect.ObjectArrays.checkElementsNotNull(ObjectArrays.java:209)
	at com.google.common.collect.ImmutableList.construct(ImmutableList.java:348)
	at com.google.common.collect.ImmutableList.copyOf(ImmutableList.java:260)
	at org.openqa.selenium.chrome.ChromeOptions.asMap(ChromeOptions.java:278)
	at org.openqa.selenium.remote.NewSessionPayload.create(NewSessionPayload.java:94)
	at org.openqa.selenium.remote.ProtocolHandshake.createSession(ProtocolHandshake.java:68)
	at org.openqa.selenium.remote.HttpCommandExecutor.execute(HttpCommandExecutor.java:136)
	at org.openqa.selenium.remote.service.DriverCommandExecutor.execute(DriverCommandExecutor.java:83)
	at org.openqa.selenium.remote.RemoteWebDriver.execute(RemoteWebDriver.java:552)
	... 31 more
... Removed 19 stack frames</div></td></tr></table><p class="totop"><a href="#summary">back to summary</a></p>
<h3 id="m1">suite.test.LoginTest#tearDown</h3><table class="result"><tr><th class="invisible"/></tr></table><p class="totop"><a href="#summary">back to summary</a></p>
<h3 id="m2">suite.test.LoginTest#dt_1</h3><table class="result"><tr><th>Exception</th></tr><tr><td><div class="stacktrace">org.openqa.selenium.remote.UnreachableBrowserException: Could not start a new session. Possible causes are invalid address of the remote server or browser start-up failure.
Build info: version: &apos;3.141.59&apos;, revision: &apos;e82be7d358&apos;, time: &apos;2018-11-14T08:17:03&apos;
System info: host: &apos;LAPTOP-027GD316&apos;, ip: &apos;192.168.1.4&apos;, os.name: &apos;Windows 10&apos;, os.arch: &apos;amd64&apos;, os.version: &apos;10.0&apos;, java.version: &apos;1.8.0_181&apos;
Driver info: driver.version: ChromeDriver
	at org.openqa.selenium.remote.RemoteWebDriver.execute(RemoteWebDriver.java:573)
	at org.openqa.selenium.remote.RemoteWebDriver.startSession(RemoteWebDriver.java:213)
	at org.openqa.selenium.remote.RemoteWebDriver.&lt;init&gt;(RemoteWebDriver.java:131)
	at org.openqa.selenium.chrome.ChromeDriver.&lt;init&gt;(ChromeDriver.java:181)
	at org.openqa.selenium.chrome.ChromeDriver.&lt;init&gt;(ChromeDriver.java:168)
	at org.openqa.selenium.chrome.ChromeDriver.&lt;init&gt;(ChromeDriver.java:157)
	at suite.init.BrowserFactory.setBrowser(BrowserFactory.java:45)
	at suite.init.SessionInit.initiateBrowserSession(SessionInit.java:36)
	at suite.base.TestBase.setDriver(TestBase.java:46)
	at java.util.concurrent.FutureTask.run(FutureTask.java:266)
	at java.util.concurrent.ThreadPoolExecutor.runWorker(ThreadPoolExecutor.java:1149)
	at java.util.concurrent.ThreadPoolExecutor$Worker.run(ThreadPoolExecutor.java:624)
	at java.lang.Thread.run(Thread.java:748)
Caused by: java.lang.NullPointerException: at index 1
	at com.google.common.collect.ObjectArrays.checkElementNotNull(ObjectArrays.java:225)
	at com.google.common.collect.ObjectArrays.checkElementsNotNull(ObjectArrays.java:215)
	at com.google.common.collect.ObjectArrays.checkElementsNotNull(ObjectArrays.java:209)
	at com.google.common.collect.ImmutableList.construct(ImmutableList.java:348)
	at com.google.common.collect.ImmutableList.copyOf(ImmutableList.java:260)
	at org.openqa.selenium.chrome.ChromeOptions.asMap(ChromeOptions.java:278)
	at org.openqa.selenium.remote.NewSessionPayload.create(NewSessionPayload.java:94)
	at org.openqa.selenium.remote.ProtocolHandshake.createSession(ProtocolHandshake.java:68)
	at org.openqa.selenium.remote.HttpCommandExecutor.execute(HttpCommandExecutor.java:136)
	at org.openqa.selenium.remote.service.DriverCommandExecutor.execute(DriverCommandExecutor.java:83)
	at org.openqa.selenium.remote.RemoteWebDriver.execute(RemoteWebDriver.java:552)
	... 31 more
... Removed 19 stack frames</div></td></tr></table><p class="totop"><a href="#summary">back to summary</a></p>
<h2>Regression-1</h2><h3 id="m3">suite.test.LoginTest#setDriver</h3><table class="result"><tr class="param"><th>Parameter #1</th></tr><tr class="param stripe"><td>chrome-ng</td></tr><tr><th>Exception</th></tr><tr><td><div class="stacktrace">org.openqa.selenium.remote.UnreachableBrowserException: Could not start a new session. Possible causes are invalid address of the remote server or browser start-up failure.
Build info: version: &apos;3.141.59&apos;, revision: &apos;e82be7d358&apos;, time: &apos;2018-11-14T08:17:03&apos;
System info: host: &apos;LAPTOP-027GD316&apos;, ip: &apos;192.168.1.4&apos;, os.name: &apos;Windows 10&apos;, os.arch: &apos;amd64&apos;, os.version: &apos;10.0&apos;, java.version: &apos;1.8.0_181&apos;
Driver info: driver.version: ChromeDriver
	at org.openqa.selenium.remote.RemoteWebDriver.execute(RemoteWebDriver.java:573)
	at org.openqa.selenium.remote.RemoteWebDriver.startSession(RemoteWebDriver.java:213)
	at org.openqa.selenium.remote.RemoteWebDriver.&lt;init&gt;(RemoteWebDriver.java:131)
	at org.openqa.selenium.chrome.ChromeDriver.&lt;init&gt;(ChromeDriver.java:181)
	at org.openqa.selenium.chrome.ChromeDriver.&lt;init&gt;(ChromeDriver.java:168)
	at org.openqa.selenium.chrome.ChromeDriver.&lt;init&gt;(ChromeDriver.java:157)
	at suite.init.BrowserFactory.setBrowser(BrowserFactory.java:45)
	at suite.init.SessionInit.initiateBrowserSession(SessionInit.java:36)
	at suite.base.TestBase.setDriver(TestBase.java:46)
	at java.util.concurrent.FutureTask.run(FutureTask.java:266)
	at java.util.concurrent.ThreadPoolExecutor.runWorker(ThreadPoolExecutor.java:1149)
	at java.util.concurrent.ThreadPoolExecutor$Worker.run(ThreadPoolExecutor.java:624)
	at java.lang.Thread.run(Thread.java:748)
Caused by: java.lang.NullPointerException: at index 1
	at com.google.common.collect.ObjectArrays.checkElementNotNull(ObjectArrays.java:225)
	at com.google.common.collect.ObjectArrays.checkElementsNotNull(ObjectArrays.java:215)
	at com.google.common.collect.ObjectArrays.checkElementsNotNull(ObjectArrays.java:209)
	at com.google.common.collect.ImmutableList.construct(ImmutableList.java:348)
	at com.google.common.collect.ImmutableList.copyOf(ImmutableList.java:260)
	at org.openqa.selenium.chrome.ChromeOptions.asMap(ChromeOptions.java:278)
	at org.openqa.selenium.remote.NewSessionPayload.create(NewSessionPayload.java:94)
	at org.openqa.selenium.remote.ProtocolHandshake.createSession(ProtocolHandshake.java:68)
	at org.openqa.selenium.remote.HttpCommandExecutor.execute(HttpCommandExecutor.java:136)
	at org.openqa.selenium.remote.service.DriverCommandExecutor.execute(DriverCommandExecutor.java:83)
	at org.openqa.selenium.remote.RemoteWebDriver.execute(RemoteWebDriver.java:552)
	... 31 more
... Removed 19 stack frames</div></td></tr></table><p class="totop"><a href="#summary">back to summary</a></p>
<h3 id="m4">suite.test.LoginTest#tearDown</h3><table class="result"><tr><th class="invisible"/></tr></table><p class="totop"><a href="#summary">back to summary</a></p>
<h3 id="m5">suite.test.LoginTest#dt_1</h3><table class="result"><tr><th>Exception</th></tr><tr><td><div class="stacktrace">org.openqa.selenium.remote.UnreachableBrowserException: Could not start a new session. Possible causes are invalid address of the remote server or browser start-up failure.
Build info: version: &apos;3.141.59&apos;, revision: &apos;e82be7d358&apos;, time: &apos;2018-11-14T08:17:03&apos;
System info: host: &apos;LAPTOP-027GD316&apos;, ip: &apos;192.168.1.4&apos;, os.name: &apos;Windows 10&apos;, os.arch: &apos;amd64&apos;, os.version: &apos;10.0&apos;, java.version: &apos;1.8.0_181&apos;
Driver info: driver.version: ChromeDriver
	at org.openqa.selenium.remote.RemoteWebDriver.execute(RemoteWebDriver.java:573)
	at org.openqa.selenium.remote.RemoteWebDriver.startSession(RemoteWebDriver.java:213)
	at org.openqa.selenium.remote.RemoteWebDriver.&lt;init&gt;(RemoteWebDriver.java:131)
	at org.openqa.selenium.chrome.ChromeDriver.&lt;init&gt;(ChromeDriver.java:181)
	at org.openqa.selenium.chrome.ChromeDriver.&lt;init&gt;(ChromeDriver.java:168)
	at org.openqa.selenium.chrome.ChromeDriver.&lt;init&gt;(ChromeDriver.java:157)
	at suite.init.BrowserFactory.setBrowser(BrowserFactory.java:45)
	at suite.init.SessionInit.initiateBrowserSession(SessionInit.java:36)
	at suite.base.TestBase.setDriver(TestBase.java:46)
	at java.util.concurrent.FutureTask.run(FutureTask.java:266)
	at java.util.concurrent.ThreadPoolExecutor.runWorker(ThreadPoolExecutor.java:1149)
	at java.util.concurrent.ThreadPoolExecutor$Worker.run(ThreadPoolExecutor.java:624)
	at java.lang.Thread.run(Thread.java:748)
Caused by: java.lang.NullPointerException: at index 1
	at com.google.common.collect.ObjectArrays.checkElementNotNull(ObjectArrays.java:225)
	at com.google.common.collect.ObjectArrays.checkElementsNotNull(ObjectArrays.java:215)
	at com.google.common.collect.ObjectArrays.checkElementsNotNull(ObjectArrays.java:209)
	at com.google.common.collect.ImmutableList.construct(ImmutableList.java:348)
	at com.google.common.collect.ImmutableList.copyOf(ImmutableList.java:260)
	at org.openqa.selenium.chrome.ChromeOptions.asMap(ChromeOptions.java:278)
	at org.openqa.selenium.remote.NewSessionPayload.create(NewSessionPayload.java:94)
	at org.openqa.selenium.remote.ProtocolHandshake.createSession(ProtocolHandshake.java:68)
	at org.openqa.selenium.remote.HttpCommandExecutor.execute(HttpCommandExecutor.java:136)
	at org.openqa.selenium.remote.service.DriverCommandExecutor.execute(DriverCommandExecutor.java:83)
	at org.openqa.selenium.remote.RemoteWebDriver.execute(RemoteWebDriver.java:552)
	... 31 more
... Removed 19 stack frames</div></td></tr></table><p class="totop"><a href="#summary">back to summary</a></p>
</body>
</html>
